<?xml version="1.0" encoding="UTF-8"?>
<!-- Generated by org.testng.reporters.JUnitXMLReporter -->
<testsuite ignored="4" hostname="DESKTOP-EO2BETF" failures="0" tests="1" name="Default test" time="18.382" errors="0" timestamp="2026-02-10T22:38:54 ICT">
  <testcase classname="Railway.BookTicketTest" name="TC12" time="15.438"/>
  <testcase classname="Railway.BookTicketTest" name="TC16" time="0.0">
    <ignored/>
  </testcase> <!-- TC16 -->
  <testcase classname="Railway.BookTicketTest" name="TC15" time="0.0">
    <ignored/>
  </testcase> <!-- TC15 -->
  <testcase classname="Railway.BookTicketTest" name="TC14" time="0.0">
    <ignored/>
  </testcase> <!-- TC14 -->
  <testcase classname="Railway.BookTicketTest" name="TC13" time="0.0">
    <ignored/>
  </testcase> <!-- TC13 -->
</testsuite> <!-- Default test -->
