<?xml version="1.0" encoding="UTF-8"?>
<!-- Generated by org.testng.reporters.JUnitXMLReporter -->
<testsuite ignored="3" hostname="DESKTOP-EO2BETF" failures="0" tests="1" name="Default test" time="45.851" errors="0" timestamp="2026-02-10T16:03:29 ICT">
  <testcase classname="Railway.BookTicketTest" name="TC15" time="42.941"/>
  <testcase classname="Railway.BookTicketTest" name="TC12" time="0.0">
    <ignored/>
  </testcase> <!-- TC12 -->
  <testcase classname="Railway.BookTicketTest" name="TC14" time="0.0">
    <ignored/>
  </testcase> <!-- TC14 -->
  <testcase classname="Railway.BookTicketTest" name="TC13" time="0.0">
    <ignored/>
  </testcase> <!-- TC13 -->
</testsuite> <!-- Default test -->
