<!DOCTYPE html PUBLIC "-//W3C//DTD XHTML 1.1//EN" "https://www.w3.org/TR/xhtml11/DTD/xhtml11.dtd">
<html xmlns="https://www.w3.org/1999/xhtml">
<head>
<meta http-equiv="content-type" content="text/html; charset=UTF-8"/>
<title>TestNG Report</title>
<style type="text/css">table {margin-bottom:10px;border-collapse:collapse;empty-cells:show}th,td {border:1px solid #009;padding:.25em .5em}th {vertical-align:bottom}td {vertical-align:top}table a {font-weight:bold}.stripe td {background-color: #E6EBF9}.num {text-align:right}.passedodd td {background-color: #3F3}.passedeven td {background-color: #0A0}.skippedodd td {background-color: #DDD}.skippedeven td {background-color: #CCC}.failedodd td,.attn {background-color: #F33}.failedeven td,.stripe .attn {background-color: #D00}.stacktrace {white-space:pre;font-family:monospace}.totop {font-size:85%;text-align:center;border-bottom:2px solid #000}.invisible {display:none}</style>
</head>
<body>
<table>
<tr><th>Test</th><th># Passed</th><th># Skipped</th><th># Retried</th><th># Failed</th><th>Time (ms)</th><th>Included Groups</th><th>Excluded Groups</th></tr>
<tr><th colspan="8">Railway Suite</th></tr>
<tr><td><a href="#t0">Run on Chrome</a></td><td class="num">10</td><td class="num">0</td><td class="num">0</td><td class="num attn">6</td><td class="num">528,107</td><td></td><td></td></tr>
</table>
<table id='summary'><thead><tr><th>Class</th><th>Method</th><th>Start</th><th>Time (ms)</th></tr></thead><tbody><tr><th colspan="4">Railway Suite</th></tr></tbody><tbody id="t0"><tr><th colspan="4">Run on Chrome &#8212; failed</th></tr><tr class="failedeven"><td rowspan="2">Railway.BookTicketTest</td><td><a href="#m0">TC12</a></td><td rowspan="1">1771763048762</td><td rowspan="1">49396</td></tr><tr class="failedeven"><td><a href="#m1">TC15</a></td><td rowspan="1">1771763199369</td><td rowspan="1">51666</td></tr><tr class="failedodd"><td rowspan="1">Railway.CancelBookingTest</td><td><a href="#m2">TC16</a></td><td rowspan="1">1771763253369</td><td rowspan="1">42272</td></tr><tr class="failedeven"><td rowspan="2">Railway.LoginTest</td><td><a href="#m3">TC03</a></td><td rowspan="1">1771762790844</td><td rowspan="1">6626</td></tr><tr class="failedeven"><td><a href="#m4">TC04</a></td><td rowspan="1">1771762799422</td><td rowspan="1">14861</td></tr><tr class="failedodd"><td rowspan="1">Railway.ResetPasswordTest</td><td><a href="#m5">TC10</a></td><td rowspan="1">1771762903994</td><td rowspan="1">71238</td></tr><tr><th colspan="4">Run on Chrome &#8212; passed</th></tr><tr class="passedeven"><td rowspan="2">Railway.BookTicketTest</td><td><a href="#m6">TC13</a></td><td rowspan="1">1771763102001</td><td rowspan="1">46479</td></tr><tr class="passedeven"><td><a href="#m7">TC14</a></td><td rowspan="1">1771763150574</td><td rowspan="1">46546</td></tr><tr class="passedodd"><td rowspan="3">Railway.CreatAccountTest</td><td><a href="#m8">TC07</a></td><td rowspan="1">1771762845506</td><td rowspan="1">8627</td></tr><tr class="passedodd"><td><a href="#m9">TC08</a></td><td rowspan="1">1771762856109</td><td rowspan="1">8831</td></tr><tr class="passedodd"><td><a href="#m10">TC09</a></td><td rowspan="1">1771762866807</td><td rowspan="1">34885</td></tr><tr class="passedeven"><td rowspan="3">Railway.LoginTest</td><td><a href="#m11">TC01</a></td><td rowspan="1">1771762772170</td><td rowspan="1">7896</td></tr><tr class="passedeven"><td><a href="#m12">TC02</a></td><td rowspan="1">1771762782157</td><td rowspan="1">6571</td></tr><tr class="passedeven"><td><a href="#m13">TC05</a></td><td rowspan="1">1771762816841</td><td rowspan="1">14445</td></tr><tr class="passedodd"><td rowspan="1">Railway.LogoutTest</td><td><a href="#m14">TC06</a></td><td rowspan="1">1771762833833</td><td rowspan="1">9905</td></tr><tr class="passedeven"><td rowspan="1">Railway.ResetPasswordTest</td><td><a href="#m15">TC11</a></td><td rowspan="1">1771762977513</td><td rowspan="1">69011</td></tr></tbody>
</table>
<h2>Run on Chrome</h2><h3 id="m0">Railway.BookTicketTest#TC12</h3><table class="result"><tr><th>Exception</th></tr><tr><td><div class="stacktrace">org.openqa.selenium.TimeoutException: Expected condition failed: waiting for element found by By.xpath: //span[@id=&apos;inbox-id&apos;] to be clickable, but the element was not found: org.openqa.selenium.NoSuchElementException: no such element: Unable to locate element: {&quot;method&quot;:&quot;xpath&quot;,&quot;selector&quot;:&quot;//span[@id=&apos;inbox-id&apos;]&quot;}.
(tried for 30 seconds with 500 milliseconds interval)
Build info: version: &apos;4.40.0&apos;, revision: &apos;b3333f1&apos;
System info: os.name: &apos;Windows 11&apos;, os.arch: &apos;amd64&apos;, os.version: &apos;10.0&apos;, java.version: &apos;11.0.27&apos;
Driver info: org.openqa.selenium.chrome.ChromeDriver
Capabilities {acceptInsecureCerts: false, browserName: chrome, browserVersion: 145.0.7632.109, chrome: {chromedriverVersion: 145.0.7632.77 (da516187054a..., userDataDir: C:\Users\DEEL\AppData\Local...}, fedcm:accounts: true, goog:chromeOptions: {debuggerAddress: localhost:58774}, goog:processID: 61100, networkConnectionEnabled: false, pageLoadStrategy: normal, platformName: windows, proxy: Proxy(), se:cdp: ws://localhost:58774/devtoo..., se:cdpVersion: 145.0.7632.109, setWindowRect: true, strictFileInteractability: false, timeouts: {implicit: 0, pageLoad: 300000, script: 30000}, unhandledPromptBehavior: dismiss and notify, webauthn:extension:credBlob: true, webauthn:extension:largeBlob: true, webauthn:extension:minPinLength: true, webauthn:extension:prf: true, webauthn:virtualAuthenticators: true}
Session ID: 9dec8f78df348029649c6008cfcadbde
	at org.openqa.selenium.support.ui.WebDriverWait.timeoutException(WebDriverWait.java:84)
	at org.openqa.selenium.support.ui.FluentWait.until(FluentWait.java:231)
	at Common.WaitUtils.waitForClickable(WaitUtils.java:19)
	at Common.WaitUtils.waitForClickable(WaitUtils.java:14)
	at Common.Utilities.scrollToAndClick(Utilities.java:33)
	at GuerrillaMail.GeneralPage.confirmAccountViaMail(GeneralPage.java:55)
	at Railway.BookTicketTest.TC12(BookTicketTest.java:38)
	at java.base/java.util.ArrayList.forEach(ArrayList.java:1541)
... Removed 27 stack frames</div></td></tr></table><p class="totop"><a href="#summary">back to summary</a></p>
<h3 id="m1">Railway.BookTicketTest#TC15</h3><table class="result"><tr><th>Exception</th></tr><tr><td><div class="stacktrace">org.openqa.selenium.NoSuchElementException: Cannot locate option with text: 2/23/2026
For documentation on this error, please visit: https://www.selenium.dev/documentation/webdriver/troubleshooting/errors#nosuchelementexception
Build info: version: &apos;4.40.0&apos;, revision: &apos;b3333f1&apos;
System info: os.name: &apos;Windows 11&apos;, os.arch: &apos;amd64&apos;, os.version: &apos;10.0&apos;, java.version: &apos;11.0.27&apos;
Driver info: driver.version: unknown
	at org.openqa.selenium.support.ui.Select.selectByVisibleText(Select.java:400)
	at org.openqa.selenium.support.ui.Select.selectByVisibleText(Select.java:128)
	at Railway.BookTicketPage.selectOptionByText(BookTicketPage.java:38)
	at Railway.BookTicketPage.fillTicketFormAndSubmit(BookTicketPage.java:64)
	at Railway.BookTicketPage.bookTicket(BookTicketPage.java:85)
	at Railway.BookTicketTest.TC15(BookTicketTest.java:239)
	at java.base/java.util.ArrayList.forEach(ArrayList.java:1541)
... Removed 27 stack frames</div></td></tr></table><p class="totop"><a href="#summary">back to summary</a></p>
<h3 id="m2">Railway.CancelBookingTest#TC16</h3><table class="result"><tr><th>Exception</th></tr><tr><td><div class="stacktrace">org.openqa.selenium.TimeoutException: Expected condition failed: waiting for element found by By.xpath: //div[@id=&apos;menu&apos;]//span[text()=&apos;Register&apos;] to be clickable, but the element was not found: org.openqa.selenium.NoSuchElementException: no such element: Unable to locate element: {&quot;method&quot;:&quot;xpath&quot;,&quot;selector&quot;:&quot;//div[@id=&apos;menu&apos;]//span[text()=&apos;Register&apos;]&quot;}.
(tried for 30 seconds with 500 milliseconds interval)
Build info: version: &apos;4.40.0&apos;, revision: &apos;b3333f1&apos;
System info: os.name: &apos;Windows 11&apos;, os.arch: &apos;amd64&apos;, os.version: &apos;10.0&apos;, java.version: &apos;11.0.27&apos;
Driver info: org.openqa.selenium.chrome.ChromeDriver
Capabilities {acceptInsecureCerts: false, browserName: chrome, browserVersion: 145.0.7632.109, chrome: {chromedriverVersion: 145.0.7632.77 (da516187054a..., userDataDir: C:\Users\DEEL\AppData\Local...}, fedcm:accounts: true, goog:chromeOptions: {debuggerAddress: localhost:53143}, goog:processID: 61260, networkConnectionEnabled: false, pageLoadStrategy: normal, platformName: windows, proxy: Proxy(), se:cdp: ws://localhost:53143/devtoo..., se:cdpVersion: 145.0.7632.109, setWindowRect: true, strictFileInteractability: false, timeouts: {implicit: 0, pageLoad: 300000, script: 30000}, unhandledPromptBehavior: dismiss and notify, webauthn:extension:credBlob: true, webauthn:extension:largeBlob: true, webauthn:extension:minPinLength: true, webauthn:extension:prf: true, webauthn:virtualAuthenticators: true}
Session ID: 3eeecaa006f0eb3b5efd47569c8ff044
	at org.openqa.selenium.support.ui.WebDriverWait.timeoutException(WebDriverWait.java:84)
	at org.openqa.selenium.support.ui.FluentWait.until(FluentWait.java:231)
	at Common.WaitUtils.waitForClickable(WaitUtils.java:19)
	at Common.WaitUtils.waitForClickable(WaitUtils.java:14)
	at Common.Utilities.scrollToAndClick(Utilities.java:33)
	at Railway.GeneralPage.goToPage(GeneralPage.java:35)
	at Railway.CancelBookingTest.TC16(CancelBookingTest.java:30)
	at java.base/java.util.ArrayList.forEach(ArrayList.java:1541)
... Removed 27 stack frames</div></td></tr></table><p class="totop"><a href="#summary">back to summary</a></p>
<h3 id="m3">Railway.LoginTest#TC03</h3><table class="result"><tr><th>Exception</th></tr><tr><td><div class="stacktrace">java.lang.AssertionError: Error message for invalid password is not displayed correctly! expected [There was a problem with your login and/or errors exist in your form.] but found [Invalid username or password. Please try again.]
	at Railway.LoginTest.TC03(LoginTest.java:89)
	at java.base/java.util.ArrayList.forEach(ArrayList.java:1541)
... Removed 32 stack frames</div></td></tr></table><p class="totop"><a href="#summary">back to summary</a></p>
<h3 id="m4">Railway.LoginTest#TC04</h3><table class="result"><tr><th>Exception</th></tr><tr><td><div class="stacktrace">java.lang.AssertionError: Error message for invalid password is not displayed correctly! expected [You have used 4 out of 5 login attempts. After all 5 have been used, you will be unable to login for 15 minutes.] but found [Invalid username or password. Please try again.]
	at Railway.LoginTest.TC04(LoginTest.java:132)
	at java.base/java.util.ArrayList.forEach(ArrayList.java:1541)
... Removed 32 stack frames</div></td></tr></table><p class="totop"><a href="#summary">back to summary</a></p>
<h3 id="m5">Railway.ResetPasswordTest#TC10</h3><table class="result"><tr><th>Exception</th></tr><tr><td><div class="stacktrace">java.lang.AssertionError: The validation message does not match the expected message expected [The new password cannot be the same with the current password] but found [Password changed! Click here to login.]
	at Railway.ResetPasswordTest.TC10(ResetPasswordTest.java:63)
	at java.base/java.util.ArrayList.forEach(ArrayList.java:1541)
... Removed 32 stack frames</div></td></tr></table><p class="totop"><a href="#summary">back to summary</a></p>
<h3 id="m6">Railway.BookTicketTest#TC13</h3><table class="result"><tr><th class="invisible"/></tr></table><p class="totop"><a href="#summary">back to summary</a></p>
<h3 id="m7">Railway.BookTicketTest#TC14</h3><table class="result"><tr><th class="invisible"/></tr></table><p class="totop"><a href="#summary">back to summary</a></p>
<h3 id="m8">Railway.CreatAccountTest#TC07</h3><table class="result"><tr><th class="invisible"/></tr></table><p class="totop"><a href="#summary">back to summary</a></p>
<h3 id="m9">Railway.CreatAccountTest#TC08</h3><table class="result"><tr><th class="invisible"/></tr></table><p class="totop"><a href="#summary">back to summary</a></p>
<h3 id="m10">Railway.CreatAccountTest#TC09</h3><table class="result"><tr><th class="invisible"/></tr></table><p class="totop"><a href="#summary">back to summary</a></p>
<h3 id="m11">Railway.LoginTest#TC01</h3><table class="result"><tr><th class="invisible"/></tr></table><p class="totop"><a href="#summary">back to summary</a></p>
<h3 id="m12">Railway.LoginTest#TC02</h3><table class="result"><tr><th class="invisible"/></tr></table><p class="totop"><a href="#summary">back to summary</a></p>
<h3 id="m13">Railway.LoginTest#TC05</h3><table class="result"><tr><th class="invisible"/></tr></table><p class="totop"><a href="#summary">back to summary</a></p>
<h3 id="m14">Railway.LogoutTest#TC06</h3><table class="result"><tr><th class="invisible"/></tr></table><p class="totop"><a href="#summary">back to summary</a></p>
<h3 id="m15">Railway.ResetPasswordTest#TC11</h3><table class="result"><tr><th class="invisible"/></tr></table><p class="totop"><a href="#summary">back to summary</a></p>
</body>
</html>
