<?xml version="1.0" encoding="UTF-8"?>
<testng-results ignored="0" total="1" passed="1" failed="0" skipped="0">
  <reporter-output>
  </reporter-output>
  <suite started-at="2026-02-06T08:52:38 ICT" name="Default suite" finished-at="2026-02-06T08:52:49 ICT" duration-ms="10811">
    <groups>
    </groups>
    <test started-at="2026-02-06T08:52:38 ICT" name="Default test" finished-at="2026-02-06T08:52:49 ICT" duration-ms="10811">
      <class name="Railway.LogoutTest">
        <test-method is-config="true" signature="beforeMethod()[pri:0, instance:Railway.LogoutTest@6caf0677]" started-at="2026-02-06T08:52:38 ICT" name="beforeMethod" finished-at="2026-02-06T08:52:41 ICT" duration-ms="2636" status="PASS">
          <reporter-output>
          </reporter-output>
        </test-method> <!-- beforeMethod -->
        <test-method signature="TC06()[pri:0, instance:Railway.LogoutTest@6caf0677]" started-at="2026-02-06T08:52:41 ICT" name="TC06" finished-at="2026-02-06T08:52:49 ICT" duration-ms="7477" status="PASS">
          <reporter-output>
          </reporter-output>
        </test-method> <!-- TC06 -->
        <test-method is-config="true" signature="afterMethod()[pri:0, instance:Railway.LogoutTest@6caf0677]" started-at="2026-02-06T08:52:49 ICT" name="afterMethod" finished-at="2026-02-06T08:52:49 ICT" duration-ms="584" status="PASS">
          <reporter-output>
          </reporter-output>
        </test-method> <!-- afterMethod -->
      </class> <!-- Railway.LogoutTest -->
    </test> <!-- Default test -->
  </suite> <!-- Default suite -->
</testng-results>
