<?xml version="1.0" encoding="UTF-8"?>
<testng-results ignored="0" total="1" passed="1" failed="0" skipped="0">
  <reporter-output>
  </reporter-output>
  <suite started-at="2026-02-11T12:56:09 ICT" name="Default suite" finished-at="2026-02-11T12:56:29 ICT" duration-ms="20139">
    <groups>
    </groups>
    <test started-at="2026-02-11T12:56:09 ICT" name="Default test" finished-at="2026-02-11T12:56:29 ICT" duration-ms="20139">
      <class name="Railway.CancelBookingTest">
        <test-method is-config="true" signature="beforeMethod()[pri:0, instance:Railway.CancelBookingTest@33bc72d1]" started-at="2026-02-11T12:56:09 ICT" name="beforeMethod" finished-at="2026-02-11T12:56:12 ICT" duration-ms="3103" status="PASS">
          <reporter-output>
          </reporter-output>
        </test-method> <!-- beforeMethod -->
        <test-method signature="TC16()[pri:0, instance:Railway.CancelBookingTest@33bc72d1]" started-at="2026-02-11T12:56:12 ICT" name="TC16" finished-at="2026-02-11T12:56:28 ICT" duration-ms="15497" status="PASS">
          <reporter-output>
          </reporter-output>
        </test-method> <!-- TC16 -->
        <test-method is-config="true" signature="afterMethod()[pri:0, instance:Railway.CancelBookingTest@33bc72d1]" started-at="2026-02-11T12:56:28 ICT" name="afterMethod" finished-at="2026-02-11T12:56:29 ICT" duration-ms="1392" status="PASS">
          <reporter-output>
          </reporter-output>
        </test-method> <!-- afterMethod -->
      </class> <!-- Railway.CancelBookingTest -->
    </test> <!-- Default test -->
  </suite> <!-- Default suite -->
</testng-results>
