<?xml version="1.0" encoding="UTF-8"?>
<testng-results ignored="4" total="5" passed="1" failed="0" skipped="0">
  <reporter-output>
  </reporter-output>
  <suite started-at="2026-02-10T22:38:35 ICT" name="Default suite" finished-at="2026-02-10T22:38:54 ICT" duration-ms="18382">
    <groups>
    </groups>
    <test started-at="2026-02-10T22:38:35 ICT" name="Default test" finished-at="2026-02-10T22:38:54 ICT" duration-ms="18382">
      <class name="Railway.BookTicketTest">
        <test-method is-config="true" signature="beforeMethod()[pri:0, instance:Railway.BookTicketTest@1a75e76a]" started-at="2026-02-10T22:38:35 ICT" name="beforeMethod" finished-at="2026-02-10T22:38:38 ICT" duration-ms="2809" status="PASS">
          <reporter-output>
          </reporter-output>
        </test-method> <!-- beforeMethod -->
        <test-method signature="TC12()[pri:0, instance:Railway.BookTicketTest@1a75e76a]" started-at="2026-02-10T22:38:38 ICT" name="TC12" finished-at="2026-02-10T22:38:54 ICT" duration-ms="15438" status="PASS">
          <reporter-output>
          </reporter-output>
        </test-method> <!-- TC12 -->
      </class> <!-- Railway.BookTicketTest -->
    </test> <!-- Default test -->
  </suite> <!-- Default suite -->
</testng-results>
