<?xml version="1.0" encoding="UTF-8"?>
<testng-results ignored="3" total="4" passed="1" failed="0" skipped="0">
  <reporter-output>
  </reporter-output>
  <suite started-at="2026-02-10T16:02:43 ICT" name="Default suite" finished-at="2026-02-10T16:03:29 ICT" duration-ms="45851">
    <groups>
    </groups>
    <test started-at="2026-02-10T16:02:43 ICT" name="Default test" finished-at="2026-02-10T16:03:29 ICT" duration-ms="45851">
      <class name="Railway.BookTicketTest">
        <test-method is-config="true" signature="beforeMethod()[pri:0, instance:Railway.BookTicketTest@33bc72d1]" started-at="2026-02-10T16:02:43 ICT" name="beforeMethod" finished-at="2026-02-10T16:02:46 ICT" duration-ms="2770" status="PASS">
          <reporter-output>
          </reporter-output>
        </test-method> <!-- beforeMethod -->
        <test-method signature="TC15()[pri:0, instance:Railway.BookTicketTest@33bc72d1]" started-at="2026-02-10T16:02:46 ICT" name="TC15" finished-at="2026-02-10T16:03:29 ICT" duration-ms="42941" status="PASS">
          <reporter-output>
          </reporter-output>
        </test-method> <!-- TC15 -->
      </class> <!-- Railway.BookTicketTest -->
    </test> <!-- Default test -->
  </suite> <!-- Default suite -->
</testng-results>
