<?xml version="1.0" encoding="UTF-8"?>
<testng-results ignored="2" total="3" passed="1" failed="0" skipped="0">
  <reporter-output>
  </reporter-output>
  <suite started-at="2026-02-10T10:19:08 ICT" name="Default suite" finished-at="2026-02-10T10:21:02 ICT" duration-ms="113896">
    <groups>
    </groups>
    <test started-at="2026-02-10T10:19:08 ICT" name="Default test" finished-at="2026-02-10T10:21:02 ICT" duration-ms="113896">
      <class name="Railway.BookTicketTest">
        <test-method is-config="true" signature="beforeMethod()[pri:0, instance:Railway.BookTicketTest@273444fe]" started-at="2026-02-10T10:19:08 ICT" name="beforeMethod" finished-at="2026-02-10T10:19:12 ICT" duration-ms="3129" status="PASS">
          <reporter-output>
          </reporter-output>
        </test-method> <!-- beforeMethod -->
        <test-method signature="TC13()[pri:0, instance:Railway.BookTicketTest@273444fe]" started-at="2026-02-10T10:19:12 ICT" name="TC13" finished-at="2026-02-10T10:21:02 ICT" duration-ms="110664" status="PASS">
          <reporter-output>
          </reporter-output>
        </test-method> <!-- TC13 -->
      </class> <!-- Railway.BookTicketTest -->
    </test> <!-- Default test -->
  </suite> <!-- Default suite -->
</testng-results>
