<?xml version="1.0" encoding="UTF-8"?>
<!-- Generated by org.testng.reporters.JUnitReportReporter -->
<testsuite hostname="DESKTOP-EO2BETF" failures="0" tests="3" name="Railway.CreatAccountTest" time="58.078" errors="0" timestamp="2026-02-22T19:28:16 ICT" skipped="0">
  <testcase classname="Railway.CreatAccountTest" name="TC08" time="10.748"/>
  <testcase classname="Railway.CreatAccountTest" name="TC07" time="10.584"/>
  <testcase classname="Railway.CreatAccountTest" name="TC09" time="36.746"/>
</testsuite> <!-- Railway.CreatAccountTest -->
